0 info it worked if it ends with ok
1 verbose cli [ '/Users/michaelgriffin/.nvm/versions/node/v7.6.0/bin/node',
1 verbose cli   '/Users/michaelgriffin/.nvm/versions/node/v7.6.0/bin/npm',
1 verbose cli   'run',
1 verbose cli   'build' ]
2 info using npm@4.1.2
3 info using node@v7.6.0
4 verbose run-script [ 'prebuild', 'build', 'postbuild' ]
5 info lifecycle rb_print_pros@1.0.0~prebuild: rb_print_pros@1.0.0
6 silly lifecycle rb_print_pros@1.0.0~prebuild: no script for prebuild, continuing
7 info lifecycle rb_print_pros@1.0.0~build: rb_print_pros@1.0.0
8 verbose lifecycle rb_print_pros@1.0.0~build: unsafe-perm in lifecycle true
9 verbose lifecycle rb_print_pros@1.0.0~build: PATH: /Users/michaelgriffin/.nvm/versions/node/v7.6.0/lib/node_modules/npm/bin/node-gyp-bin:/Users/michaelgriffin/rb_print_pros/node_modules/.bin:/anaconda3/bin:/Users/michaelgriffin/.nvm/versions/node/v7.6.0/bin:/usr/local/opt/sqlite/bin:/usr/local/bin:/usr/bin:/bin:/usr/sbin:/sbin:/opt/X11/bin
10 verbose lifecycle rb_print_pros@1.0.0~build: CWD: /Users/michaelgriffin/rb_print_pros
11 silly lifecycle rb_print_pros@1.0.0~build: Args: [ '-c', 'webpack -w' ]
12 silly lifecycle rb_print_pros@1.0.0~build: Returned: code: 1  signal: null
13 info lifecycle rb_print_pros@1.0.0~build: Failed to exec build script
14 verbose stack Error: rb_print_pros@1.0.0 build: `webpack -w`
14 verbose stack Exit status 1
14 verbose stack     at EventEmitter.<anonymous> (/Users/michaelgriffin/.nvm/versions/node/v7.6.0/lib/node_modules/npm/lib/utils/lifecycle.js:279:16)
14 verbose stack     at emitTwo (events.js:106:13)
14 verbose stack     at EventEmitter.emit (events.js:192:7)
14 verbose stack     at ChildProcess.<anonymous> (/Users/michaelgriffin/.nvm/versions/node/v7.6.0/lib/node_modules/npm/lib/utils/spawn.js:40:14)
14 verbose stack     at emitTwo (events.js:106:13)
14 verbose stack     at ChildProcess.emit (events.js:192:7)
14 verbose stack     at maybeClose (internal/child_process.js:890:16)
14 verbose stack     at Process.ChildProcess._handle.onexit (internal/child_process.js:226:5)
15 verbose pkgid rb_print_pros@1.0.0
16 verbose cwd /Users/michaelgriffin/rb_print_pros
17 error Darwin 16.3.0
18 error argv "/Users/michaelgriffin/.nvm/versions/node/v7.6.0/bin/node" "/Users/michaelgriffin/.nvm/versions/node/v7.6.0/bin/npm" "run" "build"
19 error node v7.6.0
20 error npm  v4.1.2
21 error code ELIFECYCLE
22 error rb_print_pros@1.0.0 build: `webpack -w`
22 error Exit status 1
23 error Failed at the rb_print_pros@1.0.0 build script 'webpack -w'.
23 error Make sure you have the latest version of node.js and npm installed.
23 error If you do, this is most likely a problem with the rb_print_pros package,
23 error not with npm itself.
23 error Tell the author that this fails on your system:
23 error     webpack -w
23 error You can get information on how to open an issue for this project with:
23 error     npm bugs rb_print_pros
23 error Or if that isn't available, you can get their info via:
23 error     npm owner ls rb_print_pros
23 error There is likely additional logging output above.
24 verbose exit [ 1, true ]
